<?xml version="1.0" encoding="UTF-8"?>
<!-- Generated by org.testng.reporters.JUnitXMLReporter -->
<testsuite hostname="SLP-20990235" failures="0" tests="21" name="Command line test" time="0.051" errors="0" timestamp="3 Apr 2022 15:44:09 GMT">
  <testcase classname="edu.uab.chattada.p5.DriverLicenseItemNGTest" name="@BeforeMethod setUpMethod" time="0.0">
    <failure type="java.lang.RuntimeException" message="Uncompilable code - missing return statement">
      <![CDATA[java.lang.RuntimeException: Uncompilable code - missing return statement
	at edu.uab.chattada.p5.DriverLicenseItem.isValidLicenseNumber(DriverLicenseItem.java:1)
	at edu.uab.chattada.p5.DriverLicenseItem.getLicenseNumber(DriverLicenseItem.java:142)
	at edu.uab.chattada.p5.DriverLicenseItem.<init>(DriverLicenseItem.java:71)
	at edu.uab.chattada.p5.DriverLicenseItemNGTest.setUpMethod(DriverLicenseItemNGTest.java:24)
... Removed 35 stack frames]]>
    </failure>
  </testcase> <!-- @BeforeMethod setUpMethod -->
  <testcase classname="edu.uab.chattada.p5.DriverLicenseItemNGTest" name="@AfterMethod tearDownMethod" time="0.0">
    <skipped/>
  </testcase> <!-- @AfterMethod tearDownMethod -->
  <testcase classname="edu.uab.chattada.p5.DriverLicenseItemNGTest" name="@BeforeMethod setUpMethod" time="0.0">
    <skipped/>
  </testcase> <!-- @BeforeMethod setUpMethod -->
  <testcase classname="edu.uab.chattada.p5.DriverLicenseItemNGTest" name="@AfterMethod tearDownMethod" time="0.0">
    <skipped/>
  </testcase> <!-- @AfterMethod tearDownMethod -->
  <testcase classname="edu.uab.chattada.p5.DriverLicenseItemNGTest" name="@BeforeMethod setUpMethod" time="0.0">
    <skipped/>
  </testcase> <!-- @BeforeMethod setUpMethod -->
  <testcase classname="edu.uab.chattada.p5.DriverLicenseItemNGTest" name="@AfterMethod tearDownMethod" time="0.0">
    <skipped/>
  </testcase> <!-- @AfterMethod tearDownMethod -->
  <testcase classname="edu.uab.chattada.p5.DriverLicenseItemNGTest" name="@BeforeMethod setUpMethod" time="0.0">
    <skipped/>
  </testcase> <!-- @BeforeMethod setUpMethod -->
  <testcase classname="edu.uab.chattada.p5.DriverLicenseItemNGTest" name="@AfterMethod tearDownMethod" time="0.0">
    <skipped/>
  </testcase> <!-- @AfterMethod tearDownMethod -->
  <testcase classname="edu.uab.chattada.p5.DriverLicenseItemNGTest" name="@BeforeMethod setUpMethod" time="0.0">
    <skipped/>
  </testcase> <!-- @BeforeMethod setUpMethod -->
  <testcase classname="edu.uab.chattada.p5.DriverLicenseItemNGTest" name="@AfterMethod tearDownMethod" time="0.0">
    <skipped/>
  </testcase> <!-- @AfterMethod tearDownMethod -->
  <testcase classname="edu.uab.chattada.p5.DriverLicenseItemNGTest" name="@BeforeMethod setUpMethod" time="0.0">
    <skipped/>
  </testcase> <!-- @BeforeMethod setUpMethod -->
  <testcase classname="edu.uab.chattada.p5.DriverLicenseItemNGTest" name="@AfterMethod tearDownMethod" time="0.0">
    <skipped/>
  </testcase> <!-- @AfterMethod tearDownMethod -->
  <testcase classname="edu.uab.chattada.p5.DriverLicenseItemNGTest" name="@BeforeMethod setUpMethod" time="0.0">
    <skipped/>
  </testcase> <!-- @BeforeMethod setUpMethod -->
  <testcase classname="edu.uab.chattada.p5.DriverLicenseItemNGTest" name="@AfterMethod tearDownMethod" time="0.0">
    <skipped/>
  </testcase> <!-- @AfterMethod tearDownMethod -->
  <testcase classname="edu.uab.chattada.p5.DriverLicenseItemNGTest" name="@BeforeMethod setUpMethod" time="0.0">
    <skipped/>
  </testcase> <!-- @BeforeMethod setUpMethod -->
  <testcase classname="edu.uab.chattada.p5.DriverLicenseItemNGTest" name="@AfterMethod tearDownMethod" time="0.0">
    <skipped/>
  </testcase> <!-- @AfterMethod tearDownMethod -->
  <testcase classname="edu.uab.chattada.p5.DriverLicenseItemNGTest" name="@BeforeMethod setUpMethod" time="0.0">
    <skipped/>
  </testcase> <!-- @BeforeMethod setUpMethod -->
  <testcase classname="edu.uab.chattada.p5.DriverLicenseItemNGTest" name="@AfterMethod tearDownMethod" time="0.0">
    <skipped/>
  </testcase> <!-- @AfterMethod tearDownMethod -->
  <testcase classname="edu.uab.chattada.p5.DriverLicenseItemNGTest" name="@BeforeMethod setUpMethod" time="0.0">
    <skipped/>
  </testcase> <!-- @BeforeMethod setUpMethod -->
  <testcase classname="edu.uab.chattada.p5.DriverLicenseItemNGTest" name="@AfterMethod tearDownMethod" time="0.0">
    <skipped/>
  </testcase> <!-- @AfterMethod tearDownMethod -->
  <testcase classname="edu.uab.chattada.p5.DriverLicenseItemNGTest" name="@BeforeMethod setUpMethod" time="0.0">
    <skipped/>
  </testcase> <!-- @BeforeMethod setUpMethod -->
  <testcase classname="edu.uab.chattada.p5.DriverLicenseItemNGTest" name="@AfterMethod tearDownMethod" time="0.0">
    <skipped/>
  </testcase> <!-- @AfterMethod tearDownMethod -->
  <testcase classname="edu.uab.chattada.p5.DriverLicenseItemNGTest" name="@BeforeMethod setUpMethod" time="0.0">
    <skipped/>
  </testcase> <!-- @BeforeMethod setUpMethod -->
  <testcase classname="edu.uab.chattada.p5.DriverLicenseItemNGTest" name="@AfterMethod tearDownMethod" time="0.0">
    <skipped/>
  </testcase> <!-- @AfterMethod tearDownMethod -->
  <testcase classname="edu.uab.chattada.p5.DriverLicenseItemNGTest" name="@BeforeMethod setUpMethod" time="0.0">
    <skipped/>
  </testcase> <!-- @BeforeMethod setUpMethod -->
  <testcase classname="edu.uab.chattada.p5.DriverLicenseItemNGTest" name="@AfterMethod tearDownMethod" time="0.0">
    <skipped/>
  </testcase> <!-- @AfterMethod tearDownMethod -->
  <testcase classname="edu.uab.chattada.p5.DriverLicenseItemNGTest" name="@BeforeMethod setUpMethod" time="0.0">
    <skipped/>
  </testcase> <!-- @BeforeMethod setUpMethod -->
  <testcase classname="edu.uab.chattada.p5.DriverLicenseItemNGTest" name="@AfterMethod tearDownMethod" time="0.0">
    <skipped/>
  </testcase> <!-- @AfterMethod tearDownMethod -->
  <testcase classname="edu.uab.chattada.p5.DriverLicenseItemNGTest" name="@BeforeMethod setUpMethod" time="0.0">
    <skipped/>
  </testcase> <!-- @BeforeMethod setUpMethod -->
  <testcase classname="edu.uab.chattada.p5.DriverLicenseItemNGTest" name="@AfterMethod tearDownMethod" time="0.0">
    <skipped/>
  </testcase> <!-- @AfterMethod tearDownMethod -->
  <testcase classname="edu.uab.chattada.p5.DriverLicenseItemNGTest" name="@BeforeMethod setUpMethod" time="0.0">
    <skipped/>
  </testcase> <!-- @BeforeMethod setUpMethod -->
  <testcase classname="edu.uab.chattada.p5.DriverLicenseItemNGTest" name="@AfterMethod tearDownMethod" time="0.0">
    <skipped/>
  </testcase> <!-- @AfterMethod tearDownMethod -->
  <testcase classname="edu.uab.chattada.p5.DriverLicenseItemNGTest" name="@BeforeMethod setUpMethod" time="0.0">
    <skipped/>
  </testcase> <!-- @BeforeMethod setUpMethod -->
  <testcase classname="edu.uab.chattada.p5.DriverLicenseItemNGTest" name="@AfterMethod tearDownMethod" time="0.0">
    <skipped/>
  </testcase> <!-- @AfterMethod tearDownMethod -->
  <testcase classname="edu.uab.chattada.p5.DriverLicenseItemNGTest" name="@BeforeMethod setUpMethod" time="0.0">
    <skipped/>
  </testcase> <!-- @BeforeMethod setUpMethod -->
  <testcase classname="edu.uab.chattada.p5.DriverLicenseItemNGTest" name="@AfterMethod tearDownMethod" time="0.0">
    <skipped/>
  </testcase> <!-- @AfterMethod tearDownMethod -->
  <testcase classname="edu.uab.chattada.p5.DriverLicenseItemNGTest" name="@BeforeMethod setUpMethod" time="0.0">
    <skipped/>
  </testcase> <!-- @BeforeMethod setUpMethod -->
  <testcase classname="edu.uab.chattada.p5.DriverLicenseItemNGTest" name="@AfterMethod tearDownMethod" time="0.0">
    <skipped/>
  </testcase> <!-- @AfterMethod tearDownMethod -->
  <testcase classname="edu.uab.chattada.p5.DriverLicenseItemNGTest" name="@BeforeMethod setUpMethod" time="0.0">
    <skipped/>
  </testcase> <!-- @BeforeMethod setUpMethod -->
  <testcase classname="edu.uab.chattada.p5.DriverLicenseItemNGTest" name="@AfterMethod tearDownMethod" time="0.0">
    <skipped/>
  </testcase> <!-- @AfterMethod tearDownMethod -->
  <testcase classname="edu.uab.chattada.p5.DriverLicenseItemNGTest" name="@BeforeMethod setUpMethod" time="0.0">
    <skipped/>
  </testcase> <!-- @BeforeMethod setUpMethod -->
  <testcase classname="edu.uab.chattada.p5.DriverLicenseItemNGTest" name="@AfterMethod tearDownMethod" time="0.0">
    <skipped/>
  </testcase> <!-- @AfterMethod tearDownMethod -->
  <testcase classname="edu.uab.chattada.p5.DriverLicenseItemNGTest" name="testGetAddress" time="0.001">
    <skipped/>
  </testcase> <!-- testGetAddress -->
  <testcase classname="edu.uab.chattada.p5.DriverLicenseItemNGTest" name="testGetDob" time="0.0">
    <skipped/>
  </testcase> <!-- testGetDob -->
  <testcase classname="edu.uab.chattada.p5.DriverLicenseItemNGTest" name="testGetExpireDate" time="0.0">
    <skipped/>
  </testcase> <!-- testGetExpireDate -->
  <testcase classname="edu.uab.chattada.p5.DriverLicenseItemNGTest" name="testGetIssueDate" time="0.001">
    <skipped/>
  </testcase> <!-- testGetIssueDate -->
  <testcase classname="edu.uab.chattada.p5.DriverLicenseItemNGTest" name="testGetLicenseNumber" time="0.0">
    <skipped/>
  </testcase> <!-- testGetLicenseNumber -->
  <testcase classname="edu.uab.chattada.p5.DriverLicenseItemNGTest" name="testGetName" time="0.0">
    <skipped/>
  </testcase> <!-- testGetName -->
  <testcase classname="edu.uab.chattada.p5.DriverLicenseItemNGTest" name="testGetNotes" time="0.0">
    <skipped/>
  </testcase> <!-- testGetNotes -->
  <testcase classname="edu.uab.chattada.p5.DriverLicenseItemNGTest" name="testIsValidAddress" time="0.001">
    <skipped/>
  </testcase> <!-- testIsValidAddress -->
  <testcase classname="edu.uab.chattada.p5.DriverLicenseItemNGTest" name="testIsValidDob" time="0.0">
    <skipped/>
  </testcase> <!-- testIsValidDob -->
  <testcase classname="edu.uab.chattada.p5.DriverLicenseItemNGTest" name="testIsValidExpireDate" time="0.0">
    <skipped/>
  </testcase> <!-- testIsValidExpireDate -->
  <testcase classname="edu.uab.chattada.p5.DriverLicenseItemNGTest" name="testIsValidIssueDate" time="0.0">
    <skipped/>
  </testcase> <!-- testIsValidIssueDate -->
  <testcase classname="edu.uab.chattada.p5.DriverLicenseItemNGTest" name="testIsValidLicenseNumber" time="0.0">
    <skipped/>
  </testcase> <!-- testIsValidLicenseNumber -->
  <testcase classname="edu.uab.chattada.p5.DriverLicenseItemNGTest" name="testIsValidName" time="0.0">
    <skipped/>
  </testcase> <!-- testIsValidName -->
  <testcase classname="edu.uab.chattada.p5.DriverLicenseItemNGTest" name="testSetAddress" time="0.0">
    <skipped/>
  </testcase> <!-- testSetAddress -->
  <testcase classname="edu.uab.chattada.p5.DriverLicenseItemNGTest" name="testSetDob" time="0.0">
    <skipped/>
  </testcase> <!-- testSetDob -->
  <testcase classname="edu.uab.chattada.p5.DriverLicenseItemNGTest" name="testSetExpireDate" time="0.0">
    <skipped/>
  </testcase> <!-- testSetExpireDate -->
  <testcase classname="edu.uab.chattada.p5.DriverLicenseItemNGTest" name="testSetIssueDate" time="0.0">
    <skipped/>
  </testcase> <!-- testSetIssueDate -->
  <testcase classname="edu.uab.chattada.p5.DriverLicenseItemNGTest" name="testSetLicenseNumber" time="0.0">
    <skipped/>
  </testcase> <!-- testSetLicenseNumber -->
  <testcase classname="edu.uab.chattada.p5.DriverLicenseItemNGTest" name="testSetName" time="0.001">
    <skipped/>
  </testcase> <!-- testSetName -->
  <testcase classname="edu.uab.chattada.p5.DriverLicenseItemNGTest" name="testSetNotes" time="0.0">
    <skipped/>
  </testcase> <!-- testSetNotes -->
  <testcase classname="edu.uab.chattada.p5.DriverLicenseItemNGTest" name="testToString" time="0.0">
    <skipped/>
  </testcase> <!-- testToString -->
</testsuite> <!-- Command line test -->
