<?xml version="1.0" encoding="UTF-8"?>
<!-- Generated by org.testng.reporters.JUnitXMLReporter -->
<testsuite hostname="SLP-20990235" failures="0" tests="8" name="Command line test" time="0.03" errors="0" timestamp="2 Apr 2022 05:53:23 GMT">
  <testcase classname="edu.uab.chattada.p5.FieldsNGTest" name="testGetName" time="0.003"/>
  <testcase classname="edu.uab.chattada.p5.FieldsNGTest" name="testGetType" time="0.001"/>
  <testcase classname="edu.uab.chattada.p5.FieldsNGTest" name="testGetUnmasked" time="0.0"/>
  <testcase classname="edu.uab.chattada.p5.FieldsNGTest" name="testGetValue" time="0.0"/>
  <testcase classname="edu.uab.chattada.p5.FieldsNGTest" name="testSetName" time="0.001"/>
  <testcase classname="edu.uab.chattada.p5.FieldsNGTest" name="testSetType" time="0.0"/>
  <testcase classname="edu.uab.chattada.p5.FieldsNGTest" name="testSetUnmasked" time="0.0"/>
  <testcase classname="edu.uab.chattada.p5.FieldsNGTest" name="testSetValue" time="0.0"/>
</testsuite> <!-- Command line test -->
