<?xml version="1.0" encoding="UTF-8"?>
<!-- Generated by org.testng.reporters.JUnitXMLReporter -->
<testsuite hostname="SLP-20990235" failures="0" tests="16" name="Command line test" time="0.076" errors="0" timestamp="2 Apr 2022 05:40:43 GMT">
  <testcase classname="edu.uab.chattada.p5.WirelessAccessPointsItemNGTest" name="testGetHidden" time="0.003"/>
  <testcase classname="edu.uab.chattada.p5.WirelessAccessPointsItemNGTest" name="testGetName" time="0.001"/>
  <testcase classname="edu.uab.chattada.p5.WirelessAccessPointsItemNGTest" name="testGetNetworkType" time="0.0"/>
  <testcase classname="edu.uab.chattada.p5.WirelessAccessPointsItemNGTest" name="testGetNotes" time="0.0"/>
  <testcase classname="edu.uab.chattada.p5.WirelessAccessPointsItemNGTest" name="testGetPassword" time="0.001"/>
  <testcase classname="edu.uab.chattada.p5.WirelessAccessPointsItemNGTest" name="testGetSsid" time="0.0"/>
  <testcase classname="edu.uab.chattada.p5.WirelessAccessPointsItemNGTest" name="testIsValidHidden" time="0.0"/>
  <testcase classname="edu.uab.chattada.p5.WirelessAccessPointsItemNGTest" name="testIsValidName" time="0.0"/>
  <testcase classname="edu.uab.chattada.p5.WirelessAccessPointsItemNGTest" name="testIsValidNetworkType" time="0.001"/>
  <testcase classname="edu.uab.chattada.p5.WirelessAccessPointsItemNGTest" name="testIsValidPassword" time="0.0"/>
  <testcase classname="edu.uab.chattada.p5.WirelessAccessPointsItemNGTest" name="testIsValidSsid" time="0.0"/>
  <testcase classname="edu.uab.chattada.p5.WirelessAccessPointsItemNGTest" name="testSetHidden" time="0.0"/>
  <testcase classname="edu.uab.chattada.p5.WirelessAccessPointsItemNGTest" name="testSetNetworkType" time="0.0"/>
  <testcase classname="edu.uab.chattada.p5.WirelessAccessPointsItemNGTest" name="testSetPassword" time="0.0"/>
  <testcase classname="edu.uab.chattada.p5.WirelessAccessPointsItemNGTest" name="testSetSsid" time="0.0"/>
  <testcase classname="edu.uab.chattada.p5.WirelessAccessPointsItemNGTest" name="testToString" time="0.016"/>
</testsuite> <!-- Command line test -->
