<?xml version="1.0" encoding="UTF-8"?>
<!-- Generated by org.testng.reporters.JUnitXMLReporter -->
<testsuite hostname="SLP-20990235" failures="0" tests="13" name="Command line test" time="0.084" errors="0" timestamp="3 Apr 2022 19:24:49 GMT">
  <testcase classname="edu.uab.chattada.p5.LoginItemNGTest" name="testGetName" time="0.004"/>
  <testcase classname="edu.uab.chattada.p5.LoginItemNGTest" name="testGetNotes" time="0.0"/>
  <testcase classname="edu.uab.chattada.p5.LoginItemNGTest" name="testGetPassword" time="0.0"/>
  <testcase classname="edu.uab.chattada.p5.LoginItemNGTest" name="testGetType" time="0.0"/>
  <testcase classname="edu.uab.chattada.p5.LoginItemNGTest" name="testGetUrl" time="0.0"/>
  <testcase classname="edu.uab.chattada.p5.LoginItemNGTest" name="testGetUsername" time="0.0"/>
  <testcase classname="edu.uab.chattada.p5.LoginItemNGTest" name="testSetName" time="0.0"/>
  <testcase classname="edu.uab.chattada.p5.LoginItemNGTest" name="testSetNotes" time="0.0"/>
  <testcase classname="edu.uab.chattada.p5.LoginItemNGTest" name="testSetPassword" time="0.0"/>
  <testcase classname="edu.uab.chattada.p5.LoginItemNGTest" name="testSetType" time="0.0"/>
  <testcase classname="edu.uab.chattada.p5.LoginItemNGTest" name="testSetUrl" time="0.0"/>
  <testcase classname="edu.uab.chattada.p5.LoginItemNGTest" name="testSetUsername" time="0.0"/>
  <testcase classname="edu.uab.chattada.p5.LoginItemNGTest" name="testToString" time="0.0"/>
</testsuite> <!-- Command line test -->
