<?xml version="1.0" encoding="UTF-8" ?>
<testsuite tests="25" failures="20" name="edu.uab.chattada.p5.LockerItemNGTest" time="0.031" errors="0" skipped="0">
  <properties>
[...]
</properties>
  <testcase classname="edu.uab.chattada.p5.LockerItemNGTest" name="testContain" time="0.006">
    <failure message="Cannot invoke &quot;edu.uab.chattada.p5.LockerItem.contain(String)&quot; because &quot;instance&quot; is null" type="java.lang.NullPointerException">java.lang.NullPointerException: Cannot invoke &quot;edu.uab.chattada.p5.LockerItem.contain(String)&quot; because &quot;instance&quot; is null
	at edu.uab.chattada.p5.LockerItemNGTest.testContain(LockerItemNGTest.java:361)
</failure>
    <system-out>Configuring TestNG with: org.apache.maven.surefire.testng.conf.TestNG652Configurator@4c3e4790
Notes: Driver License Info
License Number: 1111
Name: John Doe
Address: 123 Random St Birmingham, AL 12345
DOB: 2001-01-01
Issue Date: 2022-02-02
Expiration Date: 2023-03-03
UID: 101


contain
</system-out>
  </testcase>
  <testcase classname="edu.uab.chattada.p5.LockerItemNGTest" name="testDelete" time="0">
    <failure message="Cannot invoke &quot;edu.uab.chattada.p5.LockerItem.delete(String)&quot; because &quot;instance&quot; is null" type="java.lang.NullPointerException">java.lang.NullPointerException: Cannot invoke &quot;edu.uab.chattada.p5.LockerItem.delete(String)&quot; because &quot;instance&quot; is null
	at edu.uab.chattada.p5.LockerItemNGTest.testDelete(LockerItemNGTest.java:433)
</failure>
    <system-out>Notes: Driver License Info
License Number: 1111
Name: John Doe
Address: 123 Random St Birmingham, AL 12345
DOB: 2001-01-01
Issue Date: 2022-02-02
Expiration Date: 2023-03-03
UID: 107


delete
</system-out>
  </testcase>
  <testcase classname="edu.uab.chattada.p5.LockerItemNGTest" name="testGet" time="0.003"/>
  <testcase classname="edu.uab.chattada.p5.LockerItemNGTest" name="testGetDateCreated" time="0.001">
    <failure message="Cannot invoke &quot;edu.uab.chattada.p5.LockerItem.getDateCreated()&quot; because &quot;instance&quot; is null" type="java.lang.NullPointerException">java.lang.NullPointerException: Cannot invoke &quot;edu.uab.chattada.p5.LockerItem.getDateCreated()&quot; because &quot;instance&quot; is null
	at edu.uab.chattada.p5.LockerItemNGTest.testGetDateCreated(LockerItemNGTest.java:385)
</failure>
    <system-out>Notes: Driver License Info
License Number: 1111
Name: John Doe
Address: 123 Random St Birmingham, AL 12345
DOB: 2001-01-01
Issue Date: 2022-02-02
Expiration Date: 2023-03-03
UID: 119


getDateCreated
</system-out>
  </testcase>
  <testcase classname="edu.uab.chattada.p5.LockerItemNGTest" name="testGetDateLastChanged" time="0">
    <failure message="Cannot invoke &quot;edu.uab.chattada.p5.LockerItem.getDateLastChanged()&quot; because &quot;instance&quot; is null" type="java.lang.NullPointerException">java.lang.NullPointerException: Cannot invoke &quot;edu.uab.chattada.p5.LockerItem.getDateLastChanged()&quot; because &quot;instance&quot; is null
	at edu.uab.chattada.p5.LockerItemNGTest.testGetDateLastChanged(LockerItemNGTest.java:397)
</failure>
    <system-out>Notes: Driver License Info
License Number: 1111
Name: John Doe
Address: 123 Random St Birmingham, AL 12345
DOB: 2001-01-01
Issue Date: 2022-02-02
Expiration Date: 2023-03-03
UID: 125


getDateLastChanged
</system-out>
  </testcase>
  <testcase classname="edu.uab.chattada.p5.LockerItemNGTest" name="testGetDatesChanged" time="0.001">
    <failure message="Cannot invoke &quot;edu.uab.chattada.p5.LockerItem.getDatesChanged()&quot; because &quot;instance&quot; is null" type="java.lang.NullPointerException">java.lang.NullPointerException: Cannot invoke &quot;edu.uab.chattada.p5.LockerItem.getDatesChanged()&quot; because &quot;instance&quot; is null
	at edu.uab.chattada.p5.LockerItemNGTest.testGetDatesChanged(LockerItemNGTest.java:409)
</failure>
    <system-out>Notes: Driver License Info
License Number: 1111
Name: John Doe
Address: 123 Random St Birmingham, AL 12345
DOB: 2001-01-01
Issue Date: 2022-02-02
Expiration Date: 2023-03-03
UID: 131


getDatesChanged
</system-out>
  </testcase>
  <testcase classname="edu.uab.chattada.p5.LockerItemNGTest" name="testGetFields" time="0.001"/>
  <testcase classname="edu.uab.chattada.p5.LockerItemNGTest" name="testGetName" time="0"/>
  <testcase classname="edu.uab.chattada.p5.LockerItemNGTest" name="testGetNotes" time="0"/>
  <testcase classname="edu.uab.chattada.p5.LockerItemNGTest" name="testGetType" time="0.002">
    <failure message="Cannot invoke &quot;edu.uab.chattada.p5.LockerItem.getType()&quot; because &quot;instance&quot; is null" type="java.lang.NullPointerException">java.lang.NullPointerException: Cannot invoke &quot;edu.uab.chattada.p5.LockerItem.getType()&quot; because &quot;instance&quot; is null
	at edu.uab.chattada.p5.LockerItemNGTest.testGetType(LockerItemNGTest.java:421)
</failure>
    <system-out>Notes: Driver License Info
License Number: 1111
Name: John Doe
Address: 123 Random St Birmingham, AL 12345
DOB: 2001-01-01
Issue Date: 2022-02-02
Expiration Date: 2023-03-03
UID: 155


getType
</system-out>
  </testcase>
  <testcase classname="edu.uab.chattada.p5.LockerItemNGTest" name="testGetUid" time="0"/>
  <testcase classname="edu.uab.chattada.p5.LockerItemNGTest" name="testMatch" time="0.001">
    <failure message="Cannot invoke &quot;edu.uab.chattada.p5.LockerItem.match(String)&quot; because &quot;instance&quot; is null" type="java.lang.NullPointerException">java.lang.NullPointerException: Cannot invoke &quot;edu.uab.chattada.p5.LockerItem.match(String)&quot; because &quot;instance&quot; is null
	at edu.uab.chattada.p5.LockerItemNGTest.testMatch(LockerItemNGTest.java:348)
</failure>
    <system-out>Notes: Driver License Info
License Number: 1111
Name: John Doe
Address: 123 Random St Birmingham, AL 12345
DOB: 2001-01-01
Issue Date: 2022-02-02
Expiration Date: 2023-03-03
UID: 167


match
</system-out>
  </testcase>
  <testcase classname="edu.uab.chattada.p5.LockerItemNGTest" name="testMatchName" time="0.002">
    <failure message="expected [true] but found [false]" type="java.lang.AssertionError">java.lang.AssertionError: expected [true] but found [false]
	at org.testng.Assert.fail(Assert.java:94)
	at org.testng.Assert.failNotEquals(Assert.java:494)
	at org.testng.Assert.assertEquals(Assert.java:123)
	at org.testng.Assert.assertEquals(Assert.java:286)
	at org.testng.Assert.assertEquals(Assert.java:296)
	at edu.uab.chattada.p5.LockerItemNGTest.testMatchName(LockerItemNGTest.java:313)
</failure>
    <system-out>Notes: Driver License Info
License Number: 1111
Name: John Doe
Address: 123 Random St Birmingham, AL 12345
DOB: 2001-01-01
Issue Date: 2022-02-02
Expiration Date: 2023-03-03
UID: 173


matchName
</system-out>
  </testcase>
  <testcase classname="edu.uab.chattada.p5.LockerItemNGTest" name="testSet" time="0.002">
    <failure message="Cannot invoke &quot;edu.uab.chattada.p5.LockerItem.set(String, String)&quot; because &quot;instance&quot; is null" type="java.lang.NullPointerException">java.lang.NullPointerException: Cannot invoke &quot;edu.uab.chattada.p5.LockerItem.set(String, String)&quot; because &quot;instance&quot; is null
	at edu.uab.chattada.p5.LockerItemNGTest.testSet(LockerItemNGTest.java:374)
</failure>
    <system-out>Notes: Driver License Info
License Number: 1111
Name: John Doe
Address: 123 Random St Birmingham, AL 12345
DOB: 2001-01-01
Issue Date: 2022-02-02
Expiration Date: 2023-03-03
UID: 179


set
</system-out>
  </testcase>
  <testcase classname="edu.uab.chattada.p5.LockerItemNGTest" name="testSetContain" time="0">
    <failure message="Cannot invoke &quot;edu.uab.chattada.p5.LockerItem.setContain(boolean)&quot; because &quot;instance&quot; is null" type="java.lang.NullPointerException">java.lang.NullPointerException: Cannot invoke &quot;edu.uab.chattada.p5.LockerItem.setContain(boolean)&quot; because &quot;instance&quot; is null
	at edu.uab.chattada.p5.LockerItemNGTest.testSetContain(LockerItemNGTest.java:510)
</failure>
    <system-out>Notes: Driver License Info
License Number: 1111
Name: John Doe
Address: 123 Random St Birmingham, AL 12345
DOB: 2001-01-01
Issue Date: 2022-02-02
Expiration Date: 2023-03-03
UID: 185


setContain
</system-out>
  </testcase>
  <testcase classname="edu.uab.chattada.p5.LockerItemNGTest" name="testSetDateCreated" time="0.001">
    <failure message="Cannot invoke &quot;edu.uab.chattada.p5.LockerItem.setDateCreated(String)&quot; because &quot;instance&quot; is null" type="java.lang.NullPointerException">java.lang.NullPointerException: Cannot invoke &quot;edu.uab.chattada.p5.LockerItem.setDateCreated(String)&quot; because &quot;instance&quot; is null
	at edu.uab.chattada.p5.LockerItemNGTest.testSetDateCreated(LockerItemNGTest.java:521)
</failure>
    <system-out>Notes: Driver License Info
License Number: 1111
Name: John Doe
Address: 123 Random St Birmingham, AL 12345
DOB: 2001-01-01
Issue Date: 2022-02-02
Expiration Date: 2023-03-03
UID: 191


setDateCreated
</system-out>
  </testcase>
  <testcase classname="edu.uab.chattada.p5.LockerItemNGTest" name="testSetDateLastChanged" time="0.001">
    <failure message="Cannot invoke &quot;edu.uab.chattada.p5.LockerItem.setDateLastChanged(String)&quot; because &quot;instance&quot; is null" type="java.lang.NullPointerException">java.lang.NullPointerException: Cannot invoke &quot;edu.uab.chattada.p5.LockerItem.setDateLastChanged(String)&quot; because &quot;instance&quot; is null
	at edu.uab.chattada.p5.LockerItemNGTest.testSetDateLastChanged(LockerItemNGTest.java:532)
</failure>
    <system-out>Notes: Driver License Info
License Number: 1111
Name: John Doe
Address: 123 Random St Birmingham, AL 12345
DOB: 2001-01-01
Issue Date: 2022-02-02
Expiration Date: 2023-03-03
UID: 197


setDateLastChanged
</system-out>
  </testcase>
  <testcase classname="edu.uab.chattada.p5.LockerItemNGTest" name="testSetDatesChanged" time="0.001">
    <failure message="Cannot invoke &quot;edu.uab.chattada.p5.LockerItem.setDatesChanged(String)&quot; because &quot;instance&quot; is null" type="java.lang.NullPointerException">java.lang.NullPointerException: Cannot invoke &quot;edu.uab.chattada.p5.LockerItem.setDatesChanged(String)&quot; because &quot;instance&quot; is null
	at edu.uab.chattada.p5.LockerItemNGTest.testSetDatesChanged(LockerItemNGTest.java:543)
</failure>
    <system-out>Notes: Driver License Info
License Number: 1111
Name: John Doe
Address: 123 Random St Birmingham, AL 12345
DOB: 2001-01-01
Issue Date: 2022-02-02
Expiration Date: 2023-03-03
UID: 203


setDatesChanged
</system-out>
  </testcase>
  <testcase classname="edu.uab.chattada.p5.LockerItemNGTest" name="testSetFields" time="0.001">
    <failure message="Cannot invoke &quot;edu.uab.chattada.p5.LockerItem.setFields(java.util.ArrayList)&quot; because &quot;instance&quot; is null" type="java.lang.NullPointerException">java.lang.NullPointerException: Cannot invoke &quot;edu.uab.chattada.p5.LockerItem.setFields(java.util.ArrayList)&quot; because &quot;instance&quot; is null
	at edu.uab.chattada.p5.LockerItemNGTest.testSetFields(LockerItemNGTest.java:477)
</failure>
    <system-out>Notes: Driver License Info
License Number: 1111
Name: John Doe
Address: 123 Random St Birmingham, AL 12345
DOB: 2001-01-01
Issue Date: 2022-02-02
Expiration Date: 2023-03-03
UID: 209


setFields
</system-out>
  </testcase>
  <testcase classname="edu.uab.chattada.p5.LockerItemNGTest" name="testSetMatch" time="0.002">
    <failure message="Cannot invoke &quot;edu.uab.chattada.p5.LockerItem.setMatch(boolean)&quot; because &quot;instance&quot; is null" type="java.lang.NullPointerException">java.lang.NullPointerException: Cannot invoke &quot;edu.uab.chattada.p5.LockerItem.setMatch(boolean)&quot; because &quot;instance&quot; is null
	at edu.uab.chattada.p5.LockerItemNGTest.testSetMatch(LockerItemNGTest.java:499)
</failure>
    <system-out>Notes: Driver License Info
License Number: 1111
Name: John Doe
Address: 123 Random St Birmingham, AL 12345
DOB: 2001-01-01
Issue Date: 2022-02-02
Expiration Date: 2023-03-03
UID: 215


setMatch
</system-out>
  </testcase>
  <testcase classname="edu.uab.chattada.p5.LockerItemNGTest" name="testSetMatchName" time="0.002">
    <failure message="Cannot invoke &quot;edu.uab.chattada.p5.LockerItem.setMatchName(boolean)&quot; because &quot;instance&quot; is null" type="java.lang.NullPointerException">java.lang.NullPointerException: Cannot invoke &quot;edu.uab.chattada.p5.LockerItem.setMatchName(boolean)&quot; because &quot;instance&quot; is null
	at edu.uab.chattada.p5.LockerItemNGTest.testSetMatchName(LockerItemNGTest.java:488)
</failure>
    <system-out>Notes: Driver License Info
License Number: 1111
Name: John Doe
Address: 123 Random St Birmingham, AL 12345
DOB: 2001-01-01
Issue Date: 2022-02-02
Expiration Date: 2023-03-03
UID: 221


setMatchName
</system-out>
  </testcase>
  <testcase classname="edu.uab.chattada.p5.LockerItemNGTest" name="testSetName" time="0.001">
    <failure message="Cannot invoke &quot;edu.uab.chattada.p5.LockerItem.setName(String)&quot; because &quot;instance&quot; is null" type="java.lang.NullPointerException">java.lang.NullPointerException: Cannot invoke &quot;edu.uab.chattada.p5.LockerItem.setName(String)&quot; because &quot;instance&quot; is null
	at edu.uab.chattada.p5.LockerItemNGTest.testSetName(LockerItemNGTest.java:455)
</failure>
    <system-out>Notes: Driver License Info
License Number: 1111
Name: John Doe
Address: 123 Random St Birmingham, AL 12345
DOB: 2001-01-01
Issue Date: 2022-02-02
Expiration Date: 2023-03-03
UID: 227


setName
</system-out>
  </testcase>
  <testcase classname="edu.uab.chattada.p5.LockerItemNGTest" name="testSetNotes" time="0.001">
    <failure message="Cannot invoke &quot;edu.uab.chattada.p5.LockerItem.setNotes(String)&quot; because &quot;instance&quot; is null" type="java.lang.NullPointerException">java.lang.NullPointerException: Cannot invoke &quot;edu.uab.chattada.p5.LockerItem.setNotes(String)&quot; because &quot;instance&quot; is null
	at edu.uab.chattada.p5.LockerItemNGTest.testSetNotes(LockerItemNGTest.java:444)
</failure>
    <system-out>Notes: Driver License Info
License Number: 1111
Name: John Doe
Address: 123 Random St Birmingham, AL 12345
DOB: 2001-01-01
Issue Date: 2022-02-02
Expiration Date: 2023-03-03
UID: 233


setNotes
</system-out>
  </testcase>
  <testcase classname="edu.uab.chattada.p5.LockerItemNGTest" name="testSetType" time="0.001">
    <failure message="Cannot invoke &quot;edu.uab.chattada.p5.LockerItem.setType(String)&quot; because &quot;instance&quot; is null" type="java.lang.NullPointerException">java.lang.NullPointerException: Cannot invoke &quot;edu.uab.chattada.p5.LockerItem.setType(String)&quot; because &quot;instance&quot; is null
	at edu.uab.chattada.p5.LockerItemNGTest.testSetType(LockerItemNGTest.java:554)
</failure>
    <system-out>Notes: Driver License Info
License Number: 1111
Name: John Doe
Address: 123 Random St Birmingham, AL 12345
DOB: 2001-01-01
Issue Date: 2022-02-02
Expiration Date: 2023-03-03
UID: 239


setType
</system-out>
  </testcase>
  <testcase classname="edu.uab.chattada.p5.LockerItemNGTest" name="testSetUid" time="0.001">
    <failure message="Cannot invoke &quot;edu.uab.chattada.p5.LockerItem.setUid(String)&quot; because &quot;instance&quot; is null" type="java.lang.NullPointerException">java.lang.NullPointerException: Cannot invoke &quot;edu.uab.chattada.p5.LockerItem.setUid(String)&quot; because &quot;instance&quot; is null
	at edu.uab.chattada.p5.LockerItemNGTest.testSetUid(LockerItemNGTest.java:466)
</failure>
    <system-out>Notes: Driver License Info
License Number: 1111
Name: John Doe
Address: 123 Random St Birmingham, AL 12345
DOB: 2001-01-01
Issue Date: 2022-02-02
Expiration Date: 2023-03-03
UID: 245


setUid
</system-out>
  </testcase>
</testsuite>