<?xml version="1.0" encoding="UTF-8"?>
<testng-results total="3" passed="3" failed="0" skipped="0">
  <reporter-output>
  </reporter-output>
  <suite started-at="2022-04-03T16:11:21Z" name="edu.uab.chattada.p5.UrlFieldNGTest" finished-at="2022-04-03T16:11:21Z" duration-ms="40">
    <groups>
    </groups>
    <test started-at="2022-04-03T16:11:21Z" name="Command line test" finished-at="2022-04-03T16:11:21Z" duration-ms="40">
      <class name="edu.uab.chattada.p5.UrlFieldNGTest">
        <test-method is-config="true" signature="setUpMethod()[pri:0, instance:edu.uab.chattada.p5.UrlFieldNGTest@69a3d1d]" started-at="2022-04-03T11:11:21Z" name="setUpMethod" finished-at="2022-04-03T11:11:21Z" duration-ms="9" status="PASS">
          <reporter-output>
          </reporter-output>
        </test-method> <!-- setUpMethod -->
        <test-method signature="testIsValid()[pri:0, instance:edu.uab.chattada.p5.UrlFieldNGTest@69a3d1d]" started-at="2022-04-03T11:11:21Z" name="testIsValid" finished-at="2022-04-03T11:11:21Z" duration-ms="6" status="PASS">
          <reporter-output>
          </reporter-output>
        </test-method> <!-- testIsValid -->
        <test-method is-config="true" signature="tearDownMethod()[pri:0, instance:edu.uab.chattada.p5.UrlFieldNGTest@69a3d1d]" started-at="2022-04-03T11:11:21Z" name="tearDownMethod" finished-at="2022-04-03T11:11:21Z" duration-ms="0" status="PASS">
          <reporter-output>
          </reporter-output>
        </test-method> <!-- tearDownMethod -->
        <test-method signature="testSetUrl()[pri:0, instance:edu.uab.chattada.p5.UrlFieldNGTest@69a3d1d]" started-at="2022-04-03T11:11:21Z" name="testSetUrl" finished-at="2022-04-03T11:11:21Z" duration-ms="1" status="PASS">
          <reporter-output>
          </reporter-output>
        </test-method> <!-- testSetUrl -->
        <test-method is-config="true" signature="setUpMethod()[pri:0, instance:edu.uab.chattada.p5.UrlFieldNGTest@69a3d1d]" started-at="2022-04-03T11:11:21Z" name="setUpMethod" finished-at="2022-04-03T11:11:21Z" duration-ms="0" status="PASS">
          <reporter-output>
          </reporter-output>
        </test-method> <!-- setUpMethod -->
        <test-method is-config="true" signature="setUpMethod()[pri:0, instance:edu.uab.chattada.p5.UrlFieldNGTest@69a3d1d]" started-at="2022-04-03T11:11:21Z" name="setUpMethod" finished-at="2022-04-03T11:11:21Z" duration-ms="0" status="PASS">
          <reporter-output>
          </reporter-output>
        </test-method> <!-- setUpMethod -->
        <test-method signature="testToString()[pri:0, instance:edu.uab.chattada.p5.UrlFieldNGTest@69a3d1d]" started-at="2022-04-03T11:11:21Z" name="testToString" finished-at="2022-04-03T11:11:21Z" duration-ms="5" status="PASS">
          <reporter-output>
          </reporter-output>
        </test-method> <!-- testToString -->
        <test-method is-config="true" signature="tearDownMethod()[pri:0, instance:edu.uab.chattada.p5.UrlFieldNGTest@69a3d1d]" started-at="2022-04-03T11:11:21Z" name="tearDownMethod" finished-at="2022-04-03T11:11:21Z" duration-ms="0" status="PASS">
          <reporter-output>
          </reporter-output>
        </test-method> <!-- tearDownMethod -->
        <test-method is-config="true" signature="tearDownMethod()[pri:0, instance:edu.uab.chattada.p5.UrlFieldNGTest@69a3d1d]" started-at="2022-04-03T11:11:21Z" name="tearDownMethod" finished-at="2022-04-03T11:11:21Z" duration-ms="0" status="PASS">
          <reporter-output>
          </reporter-output>
        </test-method> <!-- tearDownMethod -->
      </class> <!-- edu.uab.chattada.p5.UrlFieldNGTest -->
    </test> <!-- Command line test -->
  </suite> <!-- edu.uab.chattada.p5.UrlFieldNGTest -->
</testng-results>
