<?xml version="1.0" encoding="UTF-8"?>
<testng-results total="9" passed="9" failed="0" skipped="0">
  <reporter-output>
  </reporter-output>
  <suite started-at="2022-04-03T19:38:15Z" name="edu.uab.chattada.p5.LockerNGTest" finished-at="2022-04-03T19:38:15Z" duration-ms="39">
    <groups>
    </groups>
    <test started-at="2022-04-03T19:38:15Z" name="Command line test" finished-at="2022-04-03T19:38:15Z" duration-ms="39">
      <class name="edu.uab.chattada.p5.LockerNGTest">
        <test-method is-config="true" signature="setUpMethod()[pri:0, instance:edu.uab.chattada.p5.LockerNGTest@fad74ee]" started-at="2022-04-03T14:38:15Z" name="setUpMethod" finished-at="2022-04-03T14:38:15Z" duration-ms="19" status="PASS">
          <reporter-output>
          </reporter-output>
        </test-method> <!-- setUpMethod -->
        <test-method signature="testAdd()[pri:0, instance:edu.uab.chattada.p5.LockerNGTest@fad74ee]" started-at="2022-04-03T14:38:15Z" name="testAdd" finished-at="2022-04-03T14:38:15Z" duration-ms="1" status="PASS">
          <reporter-output>
          </reporter-output>
        </test-method> <!-- testAdd -->
        <test-method is-config="true" signature="tearDownMethod()[pri:0, instance:edu.uab.chattada.p5.LockerNGTest@fad74ee]" started-at="2022-04-03T14:38:15Z" name="tearDownMethod" finished-at="2022-04-03T14:38:15Z" duration-ms="0" status="PASS">
          <reporter-output>
          </reporter-output>
        </test-method> <!-- tearDownMethod -->
        <test-method is-config="true" signature="setUpMethod()[pri:0, instance:edu.uab.chattada.p5.LockerNGTest@fad74ee]" started-at="2022-04-03T14:38:15Z" name="setUpMethod" finished-at="2022-04-03T14:38:15Z" duration-ms="0" status="PASS">
          <reporter-output>
          </reporter-output>
        </test-method> <!-- setUpMethod -->
        <test-method signature="testDelete()[pri:0, instance:edu.uab.chattada.p5.LockerNGTest@fad74ee]" started-at="2022-04-03T14:38:15Z" name="testDelete" finished-at="2022-04-03T14:38:15Z" duration-ms="1" status="PASS">
          <reporter-output>
          </reporter-output>
        </test-method> <!-- testDelete -->
        <test-method is-config="true" signature="setUpMethod()[pri:0, instance:edu.uab.chattada.p5.LockerNGTest@fad74ee]" started-at="2022-04-03T14:38:15Z" name="setUpMethod" finished-at="2022-04-03T14:38:15Z" duration-ms="0" status="PASS">
          <reporter-output>
          </reporter-output>
        </test-method> <!-- setUpMethod -->
        <test-method is-config="true" signature="tearDownMethod()[pri:0, instance:edu.uab.chattada.p5.LockerNGTest@fad74ee]" started-at="2022-04-03T14:38:15Z" name="tearDownMethod" finished-at="2022-04-03T14:38:15Z" duration-ms="0" status="PASS">
          <reporter-output>
          </reporter-output>
        </test-method> <!-- tearDownMethod -->
        <test-method signature="testGet()[pri:0, instance:edu.uab.chattada.p5.LockerNGTest@fad74ee]" started-at="2022-04-03T14:38:15Z" name="testGet" finished-at="2022-04-03T14:38:15Z" duration-ms="3" status="PASS">
          <reporter-output>
          </reporter-output>
        </test-method> <!-- testGet -->
        <test-method is-config="true" signature="setUpMethod()[pri:0, instance:edu.uab.chattada.p5.LockerNGTest@fad74ee]" started-at="2022-04-03T14:38:15Z" name="setUpMethod" finished-at="2022-04-03T14:38:15Z" duration-ms="1" status="PASS">
          <reporter-output>
          </reporter-output>
        </test-method> <!-- setUpMethod -->
        <test-method is-config="true" signature="tearDownMethod()[pri:0, instance:edu.uab.chattada.p5.LockerNGTest@fad74ee]" started-at="2022-04-03T14:38:15Z" name="tearDownMethod" finished-at="2022-04-03T14:38:15Z" duration-ms="0" status="PASS">
          <reporter-output>
          </reporter-output>
        </test-method> <!-- tearDownMethod -->
        <test-method signature="testSearchContains()[pri:0, instance:edu.uab.chattada.p5.LockerNGTest@fad74ee]" started-at="2022-04-03T14:38:15Z" name="testSearchContains" finished-at="2022-04-03T14:38:15Z" duration-ms="1" status="PASS">
          <reporter-output>
          </reporter-output>
        </test-method> <!-- testSearchContains -->
        <test-method signature="testLock()[pri:0, instance:edu.uab.chattada.p5.LockerNGTest@fad74ee]" started-at="2022-04-03T14:38:15Z" name="testLock" finished-at="2022-04-03T14:38:15Z" duration-ms="0" status="PASS">
          <reporter-output>
          </reporter-output>
        </test-method> <!-- testLock -->
        <test-method is-config="true" signature="tearDownMethod()[pri:0, instance:edu.uab.chattada.p5.LockerNGTest@fad74ee]" started-at="2022-04-03T14:38:15Z" name="tearDownMethod" finished-at="2022-04-03T14:38:15Z" duration-ms="0" status="PASS">
          <reporter-output>
          </reporter-output>
        </test-method> <!-- tearDownMethod -->
        <test-method is-config="true" signature="setUpMethod()[pri:0, instance:edu.uab.chattada.p5.LockerNGTest@fad74ee]" started-at="2022-04-03T14:38:15Z" name="setUpMethod" finished-at="2022-04-03T14:38:15Z" duration-ms="0" status="PASS">
          <reporter-output>
          </reporter-output>
        </test-method> <!-- setUpMethod -->
        <test-method is-config="true" signature="tearDownMethod()[pri:0, instance:edu.uab.chattada.p5.LockerNGTest@fad74ee]" started-at="2022-04-03T14:38:15Z" name="tearDownMethod" finished-at="2022-04-03T14:38:15Z" duration-ms="0" status="PASS">
          <reporter-output>
          </reporter-output>
        </test-method> <!-- tearDownMethod -->
        <test-method is-config="true" signature="setUpMethod()[pri:0, instance:edu.uab.chattada.p5.LockerNGTest@fad74ee]" started-at="2022-04-03T14:38:15Z" name="setUpMethod" finished-at="2022-04-03T14:38:15Z" duration-ms="0" status="PASS">
          <reporter-output>
          </reporter-output>
        </test-method> <!-- setUpMethod -->
        <test-method signature="testSearchNameContains()[pri:0, instance:edu.uab.chattada.p5.LockerNGTest@fad74ee]" started-at="2022-04-03T14:38:15Z" name="testSearchNameContains" finished-at="2022-04-03T14:38:15Z" duration-ms="0" status="PASS">
          <reporter-output>
          </reporter-output>
        </test-method> <!-- testSearchNameContains -->
        <test-method is-config="true" signature="setUpMethod()[pri:0, instance:edu.uab.chattada.p5.LockerNGTest@fad74ee]" started-at="2022-04-03T14:38:15Z" name="setUpMethod" finished-at="2022-04-03T14:38:15Z" duration-ms="0" status="PASS">
          <reporter-output>
          </reporter-output>
        </test-method> <!-- setUpMethod -->
        <test-method signature="testSet()[pri:0, instance:edu.uab.chattada.p5.LockerNGTest@fad74ee]" started-at="2022-04-03T14:38:15Z" name="testSet" finished-at="2022-04-03T14:38:15Z" duration-ms="1" status="PASS">
          <reporter-output>
          </reporter-output>
        </test-method> <!-- testSet -->
        <test-method is-config="true" signature="tearDownMethod()[pri:0, instance:edu.uab.chattada.p5.LockerNGTest@fad74ee]" started-at="2022-04-03T14:38:15Z" name="tearDownMethod" finished-at="2022-04-03T14:38:15Z" duration-ms="0" status="PASS">
          <reporter-output>
          </reporter-output>
        </test-method> <!-- tearDownMethod -->
        <test-method signature="testUnlock()[pri:0, instance:edu.uab.chattada.p5.LockerNGTest@fad74ee]" started-at="2022-04-03T14:38:15Z" name="testUnlock" finished-at="2022-04-03T14:38:15Z" duration-ms="0" status="PASS">
          <reporter-output>
          </reporter-output>
        </test-method> <!-- testUnlock -->
        <test-method is-config="true" signature="tearDownMethod()[pri:0, instance:edu.uab.chattada.p5.LockerNGTest@fad74ee]" started-at="2022-04-03T14:38:15Z" name="tearDownMethod" finished-at="2022-04-03T14:38:15Z" duration-ms="0" status="PASS">
          <reporter-output>
          </reporter-output>
        </test-method> <!-- tearDownMethod -->
        <test-method is-config="true" signature="setUpMethod()[pri:0, instance:edu.uab.chattada.p5.LockerNGTest@fad74ee]" started-at="2022-04-03T14:38:15Z" name="setUpMethod" finished-at="2022-04-03T14:38:15Z" duration-ms="0" status="PASS">
          <reporter-output>
          </reporter-output>
        </test-method> <!-- setUpMethod -->
        <test-method is-config="true" signature="tearDownMethod()[pri:0, instance:edu.uab.chattada.p5.LockerNGTest@fad74ee]" started-at="2022-04-03T14:38:15Z" name="tearDownMethod" finished-at="2022-04-03T14:38:15Z" duration-ms="0" status="PASS">
          <reporter-output>
          </reporter-output>
        </test-method> <!-- tearDownMethod -->
        <test-method is-config="true" signature="tearDownMethod()[pri:0, instance:edu.uab.chattada.p5.LockerNGTest@fad74ee]" started-at="2022-04-03T14:38:15Z" name="tearDownMethod" finished-at="2022-04-03T14:38:15Z" duration-ms="0" status="PASS">
          <reporter-output>
          </reporter-output>
        </test-method> <!-- tearDownMethod -->
        <test-method is-config="true" signature="setUpMethod()[pri:0, instance:edu.uab.chattada.p5.LockerNGTest@fad74ee]" started-at="2022-04-03T14:38:15Z" name="setUpMethod" finished-at="2022-04-03T14:38:15Z" duration-ms="0" status="PASS">
          <reporter-output>
          </reporter-output>
        </test-method> <!-- setUpMethod -->
        <test-method signature="testUpdate()[pri:0, instance:edu.uab.chattada.p5.LockerNGTest@fad74ee]" started-at="2022-04-03T14:38:15Z" name="testUpdate" finished-at="2022-04-03T14:38:15Z" duration-ms="0" status="PASS">
          <reporter-output>
          </reporter-output>
        </test-method> <!-- testUpdate -->
      </class> <!-- edu.uab.chattada.p5.LockerNGTest -->
    </test> <!-- Command line test -->
  </suite> <!-- edu.uab.chattada.p5.LockerNGTest -->
</testng-results>
