<?xml version="1.0" encoding="UTF-8"?>
<!-- Generated by org.testng.reporters.JUnitXMLReporter -->
<testsuite hostname="SLP-20990235" failures="0" tests="3" name="Command line test" time="0.04" errors="0" timestamp="3 Apr 2022 16:11:21 GMT">
  <testcase classname="edu.uab.chattada.p5.UrlFieldNGTest" name="testIsValid" time="0.006"/>
  <testcase classname="edu.uab.chattada.p5.UrlFieldNGTest" name="testSetUrl" time="0.001"/>
  <testcase classname="edu.uab.chattada.p5.UrlFieldNGTest" name="testToString" time="0.005"/>
</testsuite> <!-- Command line test -->
