<?xml version="1.0" encoding="UTF-8"?>
<!-- Generated by org.testng.reporters.JUnitXMLReporter -->
<testsuite hostname="SLP-20990235" failures="0" tests="3" name="Command line test" time="0.035" errors="0" timestamp="2 Apr 2022 05:41:13 GMT">
  <testcase classname="edu.uab.chattada.p5.UrlFieldNGTest" name="testIsValid" time="0.004"/>
  <testcase classname="edu.uab.chattada.p5.UrlFieldNGTest" name="testSetUrl" time="0.001"/>
  <testcase classname="edu.uab.chattada.p5.UrlFieldNGTest" name="testToString" time="0.002"/>
</testsuite> <!-- Command line test -->
