<?xml version="1.0" encoding="UTF-8"?>
<!-- Generated by org.testng.reporters.JUnitReportReporter -->
<testsuite hostname="SLP-20990235" failures="0" tests="9" name="edu.uab.chattada.p5.LockerNGTest" time="0.027" errors="0" timestamp="3 Apr 2022 19:38:15 GMT">
  <testcase classname="edu.uab.chattada.p5.LockerNGTest" name="testDelete" time="0.001"/>
  <testcase classname="edu.uab.chattada.p5.LockerNGTest" name="testUnlock" time="0.000"/>
  <testcase classname="edu.uab.chattada.p5.LockerNGTest" name="testAdd" time="0.020"/>
  <testcase classname="edu.uab.chattada.p5.LockerNGTest" name="testLock" time="0.000"/>
  <testcase classname="edu.uab.chattada.p5.LockerNGTest" name="testSearchContains" time="0.001"/>
  <testcase classname="edu.uab.chattada.p5.LockerNGTest" name="testGet" time="0.003"/>
  <testcase classname="edu.uab.chattada.p5.LockerNGTest" name="testSet" time="0.002"/>
  <testcase classname="edu.uab.chattada.p5.LockerNGTest" name="testUpdate" time="0.000"/>
  <testcase classname="edu.uab.chattada.p5.LockerNGTest" name="testSearchNameContains" time="0.000"/>
</testsuite> <!-- edu.uab.chattada.p5.LockerNGTest -->
