<?xml version="1.0" encoding="UTF-8"?>
<!-- Generated by org.testng.reporters.JUnitReportReporter -->
<testsuite hostname="SLP-20990235" failures="0" tests="25" name="edu.uab.chattada.p5.LockerItemNGTest" time="0.071" errors="0" timestamp="3 Apr 2022 09:21:14 GMT">
  <testcase classname="edu.uab.chattada.p5.LockerItemNGTest" name="testMatchName" time="0.002"/>
  <testcase classname="edu.uab.chattada.p5.LockerItemNGTest" name="testSetDatesChanged" time="0.002"/>
  <testcase classname="edu.uab.chattada.p5.LockerItemNGTest" name="testGetDateCreated" time="0.001"/>
  <testcase classname="edu.uab.chattada.p5.LockerItemNGTest" name="testGetType" time="0.040"/>
  <testcase classname="edu.uab.chattada.p5.LockerItemNGTest" name="testSetUid" time="0.002"/>
  <testcase classname="edu.uab.chattada.p5.LockerItemNGTest" name="testGetFields" time="0.000"/>
  <testcase classname="edu.uab.chattada.p5.LockerItemNGTest" name="testGetUid" time="0.002"/>
  <testcase classname="edu.uab.chattada.p5.LockerItemNGTest" name="testSetDateCreated" time="0.000"/>
  <testcase classname="edu.uab.chattada.p5.LockerItemNGTest" name="testSetFields" time="0.001"/>
  <testcase classname="edu.uab.chattada.p5.LockerItemNGTest" name="testGet" time="0.002"/>
  <testcase classname="edu.uab.chattada.p5.LockerItemNGTest" name="testSetContain" time="0.001"/>
  <testcase classname="edu.uab.chattada.p5.LockerItemNGTest" name="testSetMatchName" time="0.001"/>
  <testcase classname="edu.uab.chattada.p5.LockerItemNGTest" name="testDelete" time="0.000"/>
  <testcase classname="edu.uab.chattada.p5.LockerItemNGTest" name="testSetNotes" time="0.001"/>
  <testcase classname="edu.uab.chattada.p5.LockerItemNGTest" name="testGetNotes" time="0.000"/>
  <testcase classname="edu.uab.chattada.p5.LockerItemNGTest" name="testSetDateLastChanged" time="0.000"/>
  <testcase classname="edu.uab.chattada.p5.LockerItemNGTest" name="testSet" time="0.001"/>
  <testcase classname="edu.uab.chattada.p5.LockerItemNGTest" name="testMatch" time="0.003"/>
  <testcase classname="edu.uab.chattada.p5.LockerItemNGTest" name="testSetType" time="0.002"/>
  <testcase classname="edu.uab.chattada.p5.LockerItemNGTest" name="testSetName" time="0.000"/>
  <testcase classname="edu.uab.chattada.p5.LockerItemNGTest" name="testGetDateLastChanged" time="0.000"/>
  <testcase classname="edu.uab.chattada.p5.LockerItemNGTest" name="testGetDatesChanged" time="0.002"/>
  <testcase classname="edu.uab.chattada.p5.LockerItemNGTest" name="testContain" time="0.004"/>
  <testcase classname="edu.uab.chattada.p5.LockerItemNGTest" name="testSetMatch" time="0.002"/>
  <testcase classname="edu.uab.chattada.p5.LockerItemNGTest" name="testGetName" time="0.002"/>
</testsuite> <!-- edu.uab.chattada.p5.LockerItemNGTest -->
