<?xml version="1.0" encoding="UTF-8"?>
<!-- Generated by org.testng.reporters.JUnitReportReporter -->
<testsuite hostname="SLP-20990235" failures="0" tests="3" name="edu.uab.chattada.p5.UrlFieldNGTest" time="0.021" errors="0" timestamp="2 Apr 2022 05:41:13 GMT">
  <testcase classname="edu.uab.chattada.p5.UrlFieldNGTest" name="testToString" time="0.003"/>
  <testcase classname="edu.uab.chattada.p5.UrlFieldNGTest" name="testIsValid" time="0.017"/>
  <testcase classname="edu.uab.chattada.p5.UrlFieldNGTest" name="testSetUrl" time="0.001"/>
</testsuite> <!-- edu.uab.chattada.p5.UrlFieldNGTest -->
