<?xml version="1.0" encoding="UTF-8"?>
<!-- Generated by org.testng.reporters.JUnitXMLReporter -->
<testsuite hostname="SLP-20990235" failures="20" tests="25" name="Command line test" time="0.137" errors="0" timestamp="2 Apr 2022 07:10:03 GMT">
  <testcase classname="edu.uab.chattada.p5.LockerItemNGTest" name="testContain" time="0.002">
    <failure type="java.lang.NullPointerException" message="Cannot invoke &amp;quot;edu.uab.chattada.p5.LockerItem.contain(String)&amp;quot; because &amp;quot;instance&amp;quot; is null">
      <![CDATA[java.lang.NullPointerException: Cannot invoke "edu.uab.chattada.p5.LockerItem.contain(String)" because "instance" is null
	at edu.uab.chattada.p5.LockerItemNGTest.testContain(LockerItemNGTest.java:361)
... Removed 33 stack frames]]>
    </failure>
  </testcase> <!-- testContain -->
  <testcase classname="edu.uab.chattada.p5.LockerItemNGTest" name="testDelete" time="0.0">
    <failure type="java.lang.NullPointerException" message="Cannot invoke &amp;quot;edu.uab.chattada.p5.LockerItem.delete(String)&amp;quot; because &amp;quot;instance&amp;quot; is null">
      <![CDATA[java.lang.NullPointerException: Cannot invoke "edu.uab.chattada.p5.LockerItem.delete(String)" because "instance" is null
	at edu.uab.chattada.p5.LockerItemNGTest.testDelete(LockerItemNGTest.java:433)
... Removed 33 stack frames]]>
    </failure>
  </testcase> <!-- testDelete -->
  <testcase classname="edu.uab.chattada.p5.LockerItemNGTest" name="testGet" time="0.001"/>
  <testcase classname="edu.uab.chattada.p5.LockerItemNGTest" name="testGetDateCreated" time="0.0">
    <failure type="java.lang.NullPointerException" message="Cannot invoke &amp;quot;edu.uab.chattada.p5.LockerItem.getDateCreated()&amp;quot; because &amp;quot;instance&amp;quot; is null">
      <![CDATA[java.lang.NullPointerException: Cannot invoke "edu.uab.chattada.p5.LockerItem.getDateCreated()" because "instance" is null
	at edu.uab.chattada.p5.LockerItemNGTest.testGetDateCreated(LockerItemNGTest.java:385)
... Removed 33 stack frames]]>
    </failure>
  </testcase> <!-- testGetDateCreated -->
  <testcase classname="edu.uab.chattada.p5.LockerItemNGTest" name="testGetDateLastChanged" time="0.0">
    <failure type="java.lang.NullPointerException" message="Cannot invoke &amp;quot;edu.uab.chattada.p5.LockerItem.getDateLastChanged()&amp;quot; because &amp;quot;instance&amp;quot; is null">
      <![CDATA[java.lang.NullPointerException: Cannot invoke "edu.uab.chattada.p5.LockerItem.getDateLastChanged()" because "instance" is null
	at edu.uab.chattada.p5.LockerItemNGTest.testGetDateLastChanged(LockerItemNGTest.java:397)
... Removed 33 stack frames]]>
    </failure>
  </testcase> <!-- testGetDateLastChanged -->
  <testcase classname="edu.uab.chattada.p5.LockerItemNGTest" name="testGetDatesChanged" time="0.0">
    <failure type="java.lang.NullPointerException" message="Cannot invoke &amp;quot;edu.uab.chattada.p5.LockerItem.getDatesChanged()&amp;quot; because &amp;quot;instance&amp;quot; is null">
      <![CDATA[java.lang.NullPointerException: Cannot invoke "edu.uab.chattada.p5.LockerItem.getDatesChanged()" because "instance" is null
	at edu.uab.chattada.p5.LockerItemNGTest.testGetDatesChanged(LockerItemNGTest.java:409)
... Removed 33 stack frames]]>
    </failure>
  </testcase> <!-- testGetDatesChanged -->
  <testcase classname="edu.uab.chattada.p5.LockerItemNGTest" name="testGetFields" time="0.001"/>
  <testcase classname="edu.uab.chattada.p5.LockerItemNGTest" name="testGetName" time="0.0"/>
  <testcase classname="edu.uab.chattada.p5.LockerItemNGTest" name="testGetNotes" time="0.002"/>
  <testcase classname="edu.uab.chattada.p5.LockerItemNGTest" name="testGetType" time="0.001">
    <failure type="java.lang.NullPointerException" message="Cannot invoke &amp;quot;edu.uab.chattada.p5.LockerItem.getType()&amp;quot; because &amp;quot;instance&amp;quot; is null">
      <![CDATA[java.lang.NullPointerException: Cannot invoke "edu.uab.chattada.p5.LockerItem.getType()" because "instance" is null
	at edu.uab.chattada.p5.LockerItemNGTest.testGetType(LockerItemNGTest.java:421)
... Removed 33 stack frames]]>
    </failure>
  </testcase> <!-- testGetType -->
  <testcase classname="edu.uab.chattada.p5.LockerItemNGTest" name="testGetUid" time="0.0"/>
  <testcase classname="edu.uab.chattada.p5.LockerItemNGTest" name="testMatch" time="0.0">
    <failure type="java.lang.NullPointerException" message="Cannot invoke &amp;quot;edu.uab.chattada.p5.LockerItem.match(String)&amp;quot; because &amp;quot;instance&amp;quot; is null">
      <![CDATA[java.lang.NullPointerException: Cannot invoke "edu.uab.chattada.p5.LockerItem.match(String)" because "instance" is null
	at edu.uab.chattada.p5.LockerItemNGTest.testMatch(LockerItemNGTest.java:348)
... Removed 33 stack frames]]>
    </failure>
  </testcase> <!-- testMatch -->
  <testcase classname="edu.uab.chattada.p5.LockerItemNGTest" name="testMatchName" time="0.001">
    <failure type="java.lang.AssertionError" message="expected [true] but found [false]">
      <![CDATA[java.lang.AssertionError: expected [true] but found [false]
	at edu.uab.chattada.p5.LockerItemNGTest.testMatchName(LockerItemNGTest.java:313)
... Removed 38 stack frames]]>
    </failure>
  </testcase> <!-- testMatchName -->
  <testcase classname="edu.uab.chattada.p5.LockerItemNGTest" name="testSet" time="0.001">
    <failure type="java.lang.NullPointerException" message="Cannot invoke &amp;quot;edu.uab.chattada.p5.LockerItem.set(String, String)&amp;quot; because &amp;quot;instance&amp;quot; is null">
      <![CDATA[java.lang.NullPointerException: Cannot invoke "edu.uab.chattada.p5.LockerItem.set(String, String)" because "instance" is null
	at edu.uab.chattada.p5.LockerItemNGTest.testSet(LockerItemNGTest.java:374)
... Removed 33 stack frames]]>
    </failure>
  </testcase> <!-- testSet -->
  <testcase classname="edu.uab.chattada.p5.LockerItemNGTest" name="testSetContain" time="0.0">
    <failure type="java.lang.NullPointerException" message="Cannot invoke &amp;quot;edu.uab.chattada.p5.LockerItem.setContain(boolean)&amp;quot; because &amp;quot;instance&amp;quot; is null">
      <![CDATA[java.lang.NullPointerException: Cannot invoke "edu.uab.chattada.p5.LockerItem.setContain(boolean)" because "instance" is null
	at edu.uab.chattada.p5.LockerItemNGTest.testSetContain(LockerItemNGTest.java:510)
... Removed 33 stack frames]]>
    </failure>
  </testcase> <!-- testSetContain -->
  <testcase classname="edu.uab.chattada.p5.LockerItemNGTest" name="testSetDateCreated" time="0.001">
    <failure type="java.lang.NullPointerException" message="Cannot invoke &amp;quot;edu.uab.chattada.p5.LockerItem.setDateCreated(String)&amp;quot; because &amp;quot;instance&amp;quot; is null">
      <![CDATA[java.lang.NullPointerException: Cannot invoke "edu.uab.chattada.p5.LockerItem.setDateCreated(String)" because "instance" is null
	at edu.uab.chattada.p5.LockerItemNGTest.testSetDateCreated(LockerItemNGTest.java:521)
... Removed 33 stack frames]]>
    </failure>
  </testcase> <!-- testSetDateCreated -->
  <testcase classname="edu.uab.chattada.p5.LockerItemNGTest" name="testSetDateLastChanged" time="0.001">
    <failure type="java.lang.NullPointerException" message="Cannot invoke &amp;quot;edu.uab.chattada.p5.LockerItem.setDateLastChanged(String)&amp;quot; because &amp;quot;instance&amp;quot; is null">
      <![CDATA[java.lang.NullPointerException: Cannot invoke "edu.uab.chattada.p5.LockerItem.setDateLastChanged(String)" because "instance" is null
	at edu.uab.chattada.p5.LockerItemNGTest.testSetDateLastChanged(LockerItemNGTest.java:532)
... Removed 33 stack frames]]>
    </failure>
  </testcase> <!-- testSetDateLastChanged -->
  <testcase classname="edu.uab.chattada.p5.LockerItemNGTest" name="testSetDatesChanged" time="0.0">
    <failure type="java.lang.NullPointerException" message="Cannot invoke &amp;quot;edu.uab.chattada.p5.LockerItem.setDatesChanged(String)&amp;quot; because &amp;quot;instance&amp;quot; is null">
      <![CDATA[java.lang.NullPointerException: Cannot invoke "edu.uab.chattada.p5.LockerItem.setDatesChanged(String)" because "instance" is null
	at edu.uab.chattada.p5.LockerItemNGTest.testSetDatesChanged(LockerItemNGTest.java:543)
... Removed 33 stack frames]]>
    </failure>
  </testcase> <!-- testSetDatesChanged -->
  <testcase classname="edu.uab.chattada.p5.LockerItemNGTest" name="testSetFields" time="0.0">
    <failure type="java.lang.NullPointerException" message="Cannot invoke &amp;quot;edu.uab.chattada.p5.LockerItem.setFields(java.util.ArrayList)&amp;quot; because &amp;quot;instance&amp;quot; is null">
      <![CDATA[java.lang.NullPointerException: Cannot invoke "edu.uab.chattada.p5.LockerItem.setFields(java.util.ArrayList)" because "instance" is null
	at edu.uab.chattada.p5.LockerItemNGTest.testSetFields(LockerItemNGTest.java:477)
... Removed 33 stack frames]]>
    </failure>
  </testcase> <!-- testSetFields -->
  <testcase classname="edu.uab.chattada.p5.LockerItemNGTest" name="testSetMatch" time="0.0">
    <failure type="java.lang.NullPointerException" message="Cannot invoke &amp;quot;edu.uab.chattada.p5.LockerItem.setMatch(boolean)&amp;quot; because &amp;quot;instance&amp;quot; is null">
      <![CDATA[java.lang.NullPointerException: Cannot invoke "edu.uab.chattada.p5.LockerItem.setMatch(boolean)" because "instance" is null
	at edu.uab.chattada.p5.LockerItemNGTest.testSetMatch(LockerItemNGTest.java:499)
... Removed 33 stack frames]]>
    </failure>
  </testcase> <!-- testSetMatch -->
  <testcase classname="edu.uab.chattada.p5.LockerItemNGTest" name="testSetMatchName" time="0.0">
    <failure type="java.lang.NullPointerException" message="Cannot invoke &amp;quot;edu.uab.chattada.p5.LockerItem.setMatchName(boolean)&amp;quot; because &amp;quot;instance&amp;quot; is null">
      <![CDATA[java.lang.NullPointerException: Cannot invoke "edu.uab.chattada.p5.LockerItem.setMatchName(boolean)" because "instance" is null
	at edu.uab.chattada.p5.LockerItemNGTest.testSetMatchName(LockerItemNGTest.java:488)
... Removed 33 stack frames]]>
    </failure>
  </testcase> <!-- testSetMatchName -->
  <testcase classname="edu.uab.chattada.p5.LockerItemNGTest" name="testSetName" time="0.0">
    <failure type="java.lang.NullPointerException" message="Cannot invoke &amp;quot;edu.uab.chattada.p5.LockerItem.setName(String)&amp;quot; because &amp;quot;instance&amp;quot; is null">
      <![CDATA[java.lang.NullPointerException: Cannot invoke "edu.uab.chattada.p5.LockerItem.setName(String)" because "instance" is null
	at edu.uab.chattada.p5.LockerItemNGTest.testSetName(LockerItemNGTest.java:455)
... Removed 33 stack frames]]>
    </failure>
  </testcase> <!-- testSetName -->
  <testcase classname="edu.uab.chattada.p5.LockerItemNGTest" name="testSetNotes" time="0.001">
    <failure type="java.lang.NullPointerException" message="Cannot invoke &amp;quot;edu.uab.chattada.p5.LockerItem.setNotes(String)&amp;quot; because &amp;quot;instance&amp;quot; is null">
      <![CDATA[java.lang.NullPointerException: Cannot invoke "edu.uab.chattada.p5.LockerItem.setNotes(String)" because "instance" is null
	at edu.uab.chattada.p5.LockerItemNGTest.testSetNotes(LockerItemNGTest.java:444)
... Removed 33 stack frames]]>
    </failure>
  </testcase> <!-- testSetNotes -->
  <testcase classname="edu.uab.chattada.p5.LockerItemNGTest" name="testSetType" time="0.0">
    <failure type="java.lang.NullPointerException" message="Cannot invoke &amp;quot;edu.uab.chattada.p5.LockerItem.setType(String)&amp;quot; because &amp;quot;instance&amp;quot; is null">
      <![CDATA[java.lang.NullPointerException: Cannot invoke "edu.uab.chattada.p5.LockerItem.setType(String)" because "instance" is null
	at edu.uab.chattada.p5.LockerItemNGTest.testSetType(LockerItemNGTest.java:554)
... Removed 33 stack frames]]>
    </failure>
  </testcase> <!-- testSetType -->
  <testcase classname="edu.uab.chattada.p5.LockerItemNGTest" name="testSetUid" time="0.0">
    <failure type="java.lang.NullPointerException" message="Cannot invoke &amp;quot;edu.uab.chattada.p5.LockerItem.setUid(String)&amp;quot; because &amp;quot;instance&amp;quot; is null">
      <![CDATA[java.lang.NullPointerException: Cannot invoke "edu.uab.chattada.p5.LockerItem.setUid(String)" because "instance" is null
	at edu.uab.chattada.p5.LockerItemNGTest.testSetUid(LockerItemNGTest.java:466)
... Removed 33 stack frames]]>
    </failure>
  </testcase> <!-- testSetUid -->
</testsuite> <!-- Command line test -->
